<?xml version="1.0" encoding="UTF-8"?>
<!-- Generated by org.testng.reporters.JUnitReportReporter -->
<testsuite skipped="0" hostname="DESKTOP-9AISUP4" name="Ex.Test1" tests="1" failures="0" timestamp="21 Sep 2022 03:24:56 GMT" time="13.900" errors="0">
  <testcase name="myntraApp" time="13.900" classname="Ex.Test1"/>
</testsuite> <!-- Ex.Test1 -->
