<?xml version="1.0" encoding="UTF-8"?>
<!-- Generated by org.testng.reporters.JUnitReportReporter -->
<testsuite skipped="0" hostname="DESKTOP-9AISUP4" name="Ex.TestNgAnotations" tests="1" failures="0" timestamp="21 Sep 2022 03:24:56 GMT" time="0.001" errors="0">
  <testcase name="method7" time="0.001" classname="Ex.TestNgAnotations"/>
</testsuite> <!-- Ex.TestNgAnotations -->
