<?xml version="1.0" encoding="UTF-8"?>
<!-- Generated by org.testng.reporters.JUnitReportReporter -->
<testsuite skipped="0" hostname="DESKTOP-9AISUP4" name="Ex.Test2" tests="1" failures="0" timestamp="21 Sep 2022 01:31:10 GMT" time="0.003" errors="0">
  <testcase name="bmethod4" time="0.003" classname="Ex.Test2"/>
</testsuite> <!-- Ex.Test2 -->
